[0m[[0m[0mdebug[0m] [0m[0m> Exec(test, Some(29421cf6-c0ac-40d1-ac62-3bb8fda46e9c), Some(CommandSource(console0)))[0m
[0m[[0m[0mdebug[0m] [0m[0mEvaluating tasks: Test / test[0m
[0m[[0m[0mdebug[0m] [0m[0mRunning task... Cancel: Signal, check cycles: false, forcegc: true[0m
[0m[[0m[0minfo[0m] [0m[0mUpdating [0m
[0m[[0m[0minfo[0m] [0m[0mResolved  dependencies[0m
[0m[[0m[0minfo[0m] [0m[0mFetching artifacts of [0m
[0m[[0m[0minfo[0m] [0m[0mFetched artifacts of [0m
[0m[[0m[0minfo[0m] [0m[0mcompiling 1 Scala source to E:\Downloads\td3_scoverage\td3_scoverage\target\scala-2.12\classes ...[0m
[0m[[0m[0minfo[0m] [0m[0mCleaning datadir [E:\Downloads\td3_scoverage\td3_scoverage\target\scala-2.12/scoverage-data][0m
[0m[[0m[0minfo[0m] [0m[0mBeginning coverage instrumentation[0m
[0m[[0m[0minfo[0m] [0m[0mInstrumentation completed [123 statements][0m
[0m[[0m[0minfo[0m] [0m[0mWrote instrumentation file [E:\Downloads\td3_scoverage\td3_scoverage\target\scala-2.12\scoverage-data\scoverage.coverage][0m
[0m[[0m[0minfo[0m] [0m[0mWill write measurement data to [E:\Downloads\td3_scoverage\td3_scoverage\target\scala-2.12/scoverage-data][0m
[0m[[0m[0minfo[0m] [0m[0m[32mTicTacToeSpec:[0m[0m
[0m[[0m[0minfo[0m] [0m[0m[32mplay[0m[0m
[0m[[0m[0minfo[0m] [0m[0m[32m- should add X for player 1[0m[0m
[0m[[0m[0minfo[0m] [0m[0m[32mvertialVictory[0m[0m
[0m[[0m[0minfo[0m] [0m[0m[32m- should validate vertical victory[0m[0m
[0m[[0m[0minfo[0m] [0m[0m[32mhorizontalVictory[0m[0m
[0m[[0m[0minfo[0m] [0m[0m[32m- should validate horizontal victory[0m[0m
[0m[[0m[0minfo[0m] [0m[0m[32mvictory[0m[0m
[0m[[0m[0minfo[0m] [0m[0m[32m- should find victory in any situation[0m[0m
[0m[[0m[0minfo[0m] [0m[0m[36mRun completed in 376 milliseconds.[0m[0m
[0m[[0m[0minfo[0m] [0m[0m[36mTotal number of tests run: 4[0m[0m
[0m[[0m[0minfo[0m] [0m[0m[36mSuites: completed 1, aborted 0[0m[0m
[0m[[0m[0minfo[0m] [0m[0m[36mTests: succeeded 4, failed 0, canceled 0, ignored 0, pending 0[0m[0m
[0m[[0m[0minfo[0m] [0m[0m[32mAll tests passed.[0m[0m
[0m[[0m[32msuccess[0m] [0m[0mTotal time: 7 s, completed May 23, 2023 3:54:36 PM[0m
[0m[[0m[0mdebug[0m] [0m[0m> Exec(shell, None, None)[0m
